{"C:\\proyectos\\currency-world\\src\\api\\api.js": {"path":"C:\\proyectos\\currency-world\\src\\api\\api.js","statementMap":{"0":{"start":{"line":4,"column":12},"end":{"line":9,"column":2}}},"fnMap":{},"branchMap":{},"s":{"0":1},"f":{},"b":{},"_coverageSchema":"1a1c01bbd47fc00a2c39e90264f33305004495a9","hash":"653d6ebe56a41f82e2a79c9863ebda87e559ceaa"}
,"C:\\proyectos\\currency-world\\src\\api\\apiCurrencies.js": {"path":"C:\\proyectos\\currency-world\\src\\api\\apiCurrencies.js","statementMap":{"0":{"start":{"line":3,"column":29},"end":{"line":14,"column":1}},"1":{"start":{"line":4,"column":24},"end":{"line":11,"column":5}},"2":{"start":{"line":13,"column":4},"end":{"line":13,"column":77}},"3":{"start":{"line":13,"column":64},"end":{"line":13,"column":76}},"4":{"start":{"line":16,"column":27},"end":{"line":24,"column":1}},"5":{"start":{"line":17,"column":24},"end":{"line":21,"column":5}},"6":{"start":{"line":23,"column":4},"end":{"line":23,"column":79}},"7":{"start":{"line":23,"column":66},"end":{"line":23,"column":78}}},"fnMap":{"0":{"name":"(anonymous_0)","decl":{"start":{"line":3,"column":29},"end":{"line":3,"column":30}},"loc":{"start":{"line":3,"column":40},"end":{"line":14,"column":1}},"line":3},"1":{"name":"(anonymous_1)","decl":{"start":{"line":13,"column":53},"end":{"line":13,"column":54}},"loc":{"start":{"line":13,"column":64},"end":{"line":13,"column":76}},"line":13},"2":{"name":"(anonymous_2)","decl":{"start":{"line":16,"column":27},"end":{"line":16,"column":28}},"loc":{"start":{"line":16,"column":42},"end":{"line":24,"column":1}},"line":16},"3":{"name":"(anonymous_3)","decl":{"start":{"line":23,"column":55},"end":{"line":23,"column":56}},"loc":{"start":{"line":23,"column":66},"end":{"line":23,"column":78}},"line":23}},"branchMap":{},"s":{"0":1,"1":0,"2":0,"3":0,"4":1,"5":0,"6":0,"7":0},"f":{"0":0,"1":0,"2":0,"3":0},"b":{},"_coverageSchema":"1a1c01bbd47fc00a2c39e90264f33305004495a9","hash":"d7813ba136b172ee14bff7988de7b57f8771f042"}
,"C:\\proyectos\\currency-world\\src\\components\\nav-bar\\NavBar.jsx": {"path":"C:\\proyectos\\currency-world\\src\\components\\nav-bar\\NavBar.jsx","statementMap":{"0":{"start":{"line":6,"column":15},"end":{"line":29,"column":1}},"1":{"start":{"line":7,"column":19},"end":{"line":7,"column":32}},"2":{"start":{"line":9,"column":23},"end":{"line":12,"column":3}},"3":{"start":{"line":10,"column":4},"end":{"line":10,"column":39}},"4":{"start":{"line":11,"column":4},"end":{"line":11,"column":18}},"5":{"start":{"line":14,"column":2},"end":{"line":28,"column":4}}},"fnMap":{"0":{"name":"(anonymous_0)","decl":{"start":{"line":6,"column":15},"end":{"line":6,"column":16}},"loc":{"start":{"line":6,"column":21},"end":{"line":29,"column":1}},"line":6},"1":{"name":"(anonymous_1)","decl":{"start":{"line":9,"column":23},"end":{"line":9,"column":24}},"loc":{"start":{"line":9,"column":29},"end":{"line":12,"column":3}},"line":9}},"branchMap":{},"s":{"0":2,"1":4,"2":4,"3":1,"4":1,"5":4},"f":{"0":4,"1":1},"b":{},"_coverageSchema":"1a1c01bbd47fc00a2c39e90264f33305004495a9","hash":"c3fde1766fd7616a42cf19c1aadbd0e47eeae78c"}
,"C:\\proyectos\\currency-world\\src\\components\\private-route\\PrivateRoute.jsx": {"path":"C:\\proyectos\\currency-world\\src\\components\\private-route\\PrivateRoute.jsx","statementMap":{"0":{"start":{"line":8,"column":21},"end":{"line":28,"column":1}},"1":{"start":{"line":9,"column":18},"end":{"line":9,"column":49}},"2":{"start":{"line":10,"column":21},"end":{"line":10,"column":34}},"3":{"start":{"line":11,"column":24},"end":{"line":11,"column":41}},"4":{"start":{"line":12,"column":21},"end":{"line":12,"column":34}},"5":{"start":{"line":14,"column":4},"end":{"line":20,"column":39}},"6":{"start":{"line":15,"column":8},"end":{"line":19,"column":9}},"7":{"start":{"line":16,"column":12},"end":{"line":16,"column":26}},"8":{"start":{"line":17,"column":15},"end":{"line":19,"column":9}},"9":{"start":{"line":18,"column":12},"end":{"line":18,"column":30}},"10":{"start":{"line":22,"column":4},"end":{"line":27,"column":6}},"11":{"start":{"line":30,"column":0},"end":{"line":33,"column":2}}},"fnMap":{"0":{"name":"(anonymous_0)","decl":{"start":{"line":8,"column":21},"end":{"line":8,"column":22}},"loc":{"start":{"line":8,"column":51},"end":{"line":28,"column":1}},"line":8},"1":{"name":"(anonymous_1)","decl":{"start":{"line":14,"column":14},"end":{"line":14,"column":15}},"loc":{"start":{"line":14,"column":20},"end":{"line":20,"column":5}},"line":14}},"branchMap":{"0":{"loc":{"start":{"line":15,"column":8},"end":{"line":19,"column":9}},"type":"if","locations":[{"start":{"line":15,"column":8},"end":{"line":19,"column":9}},{"start":{"line":17,"column":15},"end":{"line":19,"column":9}}],"line":15},"1":{"loc":{"start":{"line":15,"column":12},"end":{"line":15,"column":41}},"type":"binary-expr","locations":[{"start":{"line":15,"column":12},"end":{"line":15,"column":18}},{"start":{"line":15,"column":22},"end":{"line":15,"column":41}}],"line":15},"2":{"loc":{"start":{"line":17,"column":15},"end":{"line":19,"column":9}},"type":"if","locations":[{"start":{"line":17,"column":15},"end":{"line":19,"column":9}},{"start":{},"end":{}}],"line":17},"3":{"loc":{"start":{"line":17,"column":19},"end":{"line":17,"column":47}},"type":"binary-expr","locations":[{"start":{"line":17,"column":19},"end":{"line":17,"column":24}},{"start":{"line":17,"column":28},"end":{"line":17,"column":47}}],"line":17},"4":{"loc":{"start":{"line":24,"column":13},"end":{"line":24,"column":37}},"type":"binary-expr","locations":[{"start":{"line":24,"column":13},"end":{"line":24,"column":23}},{"start":{"line":24,"column":27},"end":{"line":24,"column":37}}],"line":24}},"s":{"0":1,"1":1,"2":1,"3":1,"4":1,"5":1,"6":1,"7":1,"8":0,"9":0,"10":1,"11":1},"f":{"0":1,"1":1},"b":{"0":[1,0],"1":[1,1],"2":[0,0],"3":[0,0],"4":[1,1]},"_coverageSchema":"1a1c01bbd47fc00a2c39e90264f33305004495a9","hash":"7068ace97bd7ca75ca50d5205f6381acc2938d02"}
,"C:\\proyectos\\currency-world\\src\\configs\\config.js": {"path":"C:\\proyectos\\currency-world\\src\\configs\\config.js","statementMap":{"0":{"start":{"line":1,"column":26},"end":{"line":1,"column":57}},"1":{"start":{"line":2,"column":22},"end":{"line":2,"column":60}}},"fnMap":{},"branchMap":{},"s":{"0":1,"1":1},"f":{},"b":{},"_coverageSchema":"1a1c01bbd47fc00a2c39e90264f33305004495a9","hash":"5778be180908be8bdf0f7d8bc7f873c7942f32ee"}
,"C:\\proyectos\\currency-world\\src\\configs\\regex.js": {"path":"C:\\proyectos\\currency-world\\src\\configs\\regex.js","statementMap":{"0":{"start":{"line":1,"column":26},"end":{"line":1,"column":75}},"1":{"start":{"line":2,"column":33},"end":{"line":2,"column":43}}},"fnMap":{},"branchMap":{},"s":{"0":1,"1":1},"f":{},"b":{},"_coverageSchema":"1a1c01bbd47fc00a2c39e90264f33305004495a9","hash":"f7302f711e4259dca4a03834ff54d3b1fdf78c12"}
,"C:\\proyectos\\currency-world\\src\\hooks\\useGetCurrencies.js": {"path":"C:\\proyectos\\currency-world\\src\\hooks\\useGetCurrencies.js","statementMap":{"0":{"start":{"line":4,"column":25},"end":{"line":32,"column":1}},"1":{"start":{"line":6,"column":40},"end":{"line":6,"column":50}},"2":{"start":{"line":7,"column":34},"end":{"line":7,"column":48}},"3":{"start":{"line":9,"column":24},"end":{"line":20,"column":5}},"4":{"start":{"line":11,"column":8},"end":{"line":19,"column":9}},"5":{"start":{"line":12,"column":12},"end":{"line":12,"column":29}},"6":{"start":{"line":13,"column":29},"end":{"line":13,"column":50}},"7":{"start":{"line":14,"column":12},"end":{"line":14,"column":36}},"8":{"start":{"line":16,"column":12},"end":{"line":16,"column":67}},"9":{"start":{"line":18,"column":12},"end":{"line":18,"column":30}},"10":{"start":{"line":22,"column":4},"end":{"line":25,"column":10}},"11":{"start":{"line":24,"column":8},"end":{"line":24,"column":21}},"12":{"start":{"line":28,"column":4},"end":{"line":31,"column":5}}},"fnMap":{"0":{"name":"(anonymous_0)","decl":{"start":{"line":4,"column":25},"end":{"line":4,"column":26}},"loc":{"start":{"line":4,"column":31},"end":{"line":32,"column":1}},"line":4},"1":{"name":"(anonymous_1)","decl":{"start":{"line":9,"column":24},"end":{"line":9,"column":25}},"loc":{"start":{"line":9,"column":36},"end":{"line":20,"column":5}},"line":9},"2":{"name":"(anonymous_2)","decl":{"start":{"line":22,"column":14},"end":{"line":22,"column":15}},"loc":{"start":{"line":22,"column":20},"end":{"line":25,"column":5}},"line":22}},"branchMap":{},"s":{"0":1,"1":0,"2":0,"3":0,"4":0,"5":0,"6":0,"7":0,"8":0,"9":0,"10":0,"11":0,"12":0},"f":{"0":0,"1":0,"2":0},"b":{},"_coverageSchema":"1a1c01bbd47fc00a2c39e90264f33305004495a9","hash":"2295e6f8a64657108add3742ffd929f84bcfc6d4"}
,"C:\\proyectos\\currency-world\\src\\hooks\\useInputChange.js": {"path":"C:\\proyectos\\currency-world\\src\\hooks\\useInputChange.js","statementMap":{"0":{"start":{"line":3,"column":19},"end":{"line":13,"column":3}},"1":{"start":{"line":4,"column":4},"end":{"line":10,"column":5}},"2":{"start":{"line":5,"column":29},"end":{"line":5,"column":41}},"3":{"start":{"line":7,"column":31},"end":{"line":7,"column":62}},"4":{"start":{"line":9,"column":8},"end":{"line":9,"column":30}},"5":{"start":{"line":12,"column":4},"end":{"line":12,"column":16}},"6":{"start":{"line":15,"column":23},"end":{"line":30,"column":1}},"7":{"start":{"line":16,"column":34},"end":{"line":16,"column":65}},"8":{"start":{"line":18,"column":28},"end":{"line":24,"column":3}},"9":{"start":{"line":19,"column":25},"end":{"line":19,"column":49}},"10":{"start":{"line":20,"column":4},"end":{"line":23,"column":8}},"11":{"start":{"line":20,"column":35},"end":{"line":23,"column":5}},"12":{"start":{"line":26,"column":2},"end":{"line":29,"column":4}}},"fnMap":{"0":{"name":"(anonymous_0)","decl":{"start":{"line":3,"column":19},"end":{"line":3,"column":20}},"loc":{"start":{"line":3,"column":37},"end":{"line":13,"column":3}},"line":3},"1":{"name":"(anonymous_1)","decl":{"start":{"line":15,"column":23},"end":{"line":15,"column":24}},"loc":{"start":{"line":15,"column":44},"end":{"line":30,"column":1}},"line":15},"2":{"name":"(anonymous_2)","decl":{"start":{"line":18,"column":28},"end":{"line":18,"column":29}},"loc":{"start":{"line":18,"column":53},"end":{"line":24,"column":3}},"line":18},"3":{"name":"(anonymous_3)","decl":{"start":{"line":20,"column":16},"end":{"line":20,"column":17}},"loc":{"start":{"line":20,"column":35},"end":{"line":23,"column":5}},"line":20}},"branchMap":{"0":{"loc":{"start":{"line":4,"column":4},"end":{"line":10,"column":5}},"type":"if","locations":[{"start":{"line":4,"column":4},"end":{"line":10,"column":5}},{"start":{},"end":{}}],"line":4},"1":{"loc":{"start":{"line":16,"column":43},"end":{"line":16,"column":64}},"type":"binary-expr","locations":[{"start":{"line":16,"column":43},"end":{"line":16,"column":58}},{"start":{"line":16,"column":62},"end":{"line":16,"column":64}}],"line":16}},"s":{"0":1,"1":2,"2":1,"3":1,"4":1,"5":1,"6":1,"7":4,"8":4,"9":2,"10":2,"11":2,"12":4},"f":{"0":2,"1":4,"2":2,"3":2},"b":{"0":[1,1],"1":[4,0]},"_coverageSchema":"1a1c01bbd47fc00a2c39e90264f33305004495a9","hash":"1e621e3a0c793c5092ee6790d3762d73f5f5c39a"}
,"C:\\proyectos\\currency-world\\src\\hooks\\useLogin.js": {"path":"C:\\proyectos\\currency-world\\src\\hooks\\useLogin.js","statementMap":{"0":{"start":{"line":6,"column":17},"end":{"line":33,"column":1}},"1":{"start":{"line":7,"column":38},"end":{"line":7,"column":50}},"2":{"start":{"line":8,"column":19},"end":{"line":8,"column":32}},"3":{"start":{"line":9,"column":17},"end":{"line":9,"column":22}},"4":{"start":{"line":11,"column":20},"end":{"line":26,"column":3}},"5":{"start":{"line":12,"column":35},"end":{"line":12,"column":43}},"6":{"start":{"line":13,"column":21},"end":{"line":13,"column":38}},"7":{"start":{"line":15,"column":30},"end":{"line":17,"column":5}},"8":{"start":{"line":16,"column":19},"end":{"line":16,"column":80}},"9":{"start":{"line":19,"column":4},"end":{"line":25,"column":5}},"10":{"start":{"line":20,"column":6},"end":{"line":20,"column":48}},"11":{"start":{"line":21,"column":6},"end":{"line":21,"column":24}},"12":{"start":{"line":22,"column":6},"end":{"line":22,"column":24}},"13":{"start":{"line":24,"column":6},"end":{"line":24,"column":56}},"14":{"start":{"line":28,"column":2},"end":{"line":32,"column":4}}},"fnMap":{"0":{"name":"(anonymous_0)","decl":{"start":{"line":6,"column":17},"end":{"line":6,"column":18}},"loc":{"start":{"line":6,"column":23},"end":{"line":33,"column":1}},"line":6},"1":{"name":"(anonymous_1)","decl":{"start":{"line":11,"column":20},"end":{"line":11,"column":21}},"loc":{"start":{"line":11,"column":34},"end":{"line":26,"column":3}},"line":11},"2":{"name":"(anonymous_2)","decl":{"start":{"line":16,"column":6},"end":{"line":16,"column":7}},"loc":{"start":{"line":16,"column":19},"end":{"line":16,"column":80}},"line":16}},"branchMap":{"0":{"loc":{"start":{"line":16,"column":19},"end":{"line":16,"column":80}},"type":"binary-expr","locations":[{"start":{"line":16,"column":19},"end":{"line":16,"column":47}},{"start":{"line":16,"column":51},"end":{"line":16,"column":80}}],"line":16},"1":{"loc":{"start":{"line":19,"column":4},"end":{"line":25,"column":5}},"type":"if","locations":[{"start":{"line":19,"column":4},"end":{"line":25,"column":5}},{"start":{"line":23,"column":11},"end":{"line":25,"column":5}}],"line":19}},"s":{"0":1,"1":4,"2":4,"3":4,"4":4,"5":0,"6":0,"7":0,"8":0,"9":0,"10":0,"11":0,"12":0,"13":0,"14":4},"f":{"0":4,"1":0,"2":0},"b":{"0":[0,0],"1":[0,0]},"_coverageSchema":"1a1c01bbd47fc00a2c39e90264f33305004495a9","hash":"effbd8054027f01113376a81594ea5a3558a311a"}
,"C:\\proyectos\\currency-world\\src\\pages\\currency-detail\\CurrencyDetail.jsx": {"path":"C:\\proyectos\\currency-world\\src\\pages\\currency-detail\\CurrencyDetail.jsx","statementMap":{"0":{"start":{"line":8,"column":21},"end":{"line":8,"column":32}},"1":{"start":{"line":10,"column":35},"end":{"line":10,"column":55}},"2":{"start":{"line":12,"column":4},"end":{"line":55,"column":6}}},"fnMap":{"0":{"name":"CurrencyDetail","decl":{"start":{"line":7,"column":9},"end":{"line":7,"column":23}},"loc":{"start":{"line":7,"column":26},"end":{"line":56,"column":1}},"line":7}},"branchMap":{"0":{"loc":{"start":{"line":13,"column":44},"end":{"line":13,"column":68}},"type":"cond-expr","locations":[{"start":{"line":13,"column":54},"end":{"line":13,"column":63}},{"start":{"line":13,"column":66},"end":{"line":13,"column":68}}],"line":13},"1":{"loc":{"start":{"line":14,"column":13},"end":{"line":53,"column":13}},"type":"cond-expr","locations":[{"start":{"line":15,"column":16},"end":{"line":15,"column":76}},{"start":{"line":17,"column":16},"end":{"line":52,"column":19}}],"line":14},"2":{"loc":{"start":{"line":20,"column":52},"end":{"line":20,"column":103}},"type":"cond-expr","locations":[{"start":{"line":20,"column":73},"end":{"line":20,"column":98}},{"start":{"line":20,"column":101},"end":{"line":20,"column":103}}],"line":20}},"s":{"0":1,"1":1,"2":1},"f":{"0":1},"b":{"0":[0,1],"1":[0,1],"2":[1,0]},"_coverageSchema":"1a1c01bbd47fc00a2c39e90264f33305004495a9","hash":"3dcea6a3c6b9792fb8751b99b567635ae51dc1c3"}
,"C:\\proyectos\\currency-world\\src\\pages\\currency-list\\CurrencyList.jsx": {"path":"C:\\proyectos\\currency-world\\src\\pages\\currency-list\\CurrencyList.jsx","statementMap":{"0":{"start":{"line":9,"column":36},"end":{"line":9,"column":54}},"1":{"start":{"line":11,"column":4},"end":{"line":61,"column":6}},"2":{"start":{"line":28,"column":28},"end":{"line":55,"column":33}}},"fnMap":{"0":{"name":"CurrencyList","decl":{"start":{"line":7,"column":9},"end":{"line":7,"column":21}},"loc":{"start":{"line":7,"column":24},"end":{"line":62,"column":1}},"line":7},"1":{"name":"(anonymous_1)","decl":{"start":{"line":27,"column":41},"end":{"line":27,"column":42}},"loc":{"start":{"line":28,"column":28},"end":{"line":55,"column":33}},"line":28}},"branchMap":{"0":{"loc":{"start":{"line":12,"column":41},"end":{"line":12,"column":65}},"type":"cond-expr","locations":[{"start":{"line":12,"column":51},"end":{"line":12,"column":60}},{"start":{"line":12,"column":63},"end":{"line":12,"column":65}}],"line":12},"1":{"loc":{"start":{"line":13,"column":13},"end":{"line":59,"column":13}},"type":"cond-expr","locations":[{"start":{"line":14,"column":16},"end":{"line":14,"column":76}},{"start":{"line":16,"column":16},"end":{"line":58,"column":24}}],"line":13}},"s":{"0":1,"1":1,"2":1},"f":{"0":1,"1":1},"b":{"0":[0,1],"1":[0,1]},"_coverageSchema":"1a1c01bbd47fc00a2c39e90264f33305004495a9","hash":"618c8082db024993b1f6e429f097bede0443cad0"}
,"C:\\proyectos\\currency-world\\src\\pages\\login\\Login.jsx": {"path":"C:\\proyectos\\currency-world\\src\\pages\\login\\Login.jsx","statementMap":{"0":{"start":{"line":10,"column":44},"end":{"line":13,"column":6}},"1":{"start":{"line":15,"column":46},"end":{"line":15,"column":56}},"2":{"start":{"line":16,"column":21},"end":{"line":16,"column":38}},"3":{"start":{"line":18,"column":25},"end":{"line":21,"column":5}},"4":{"start":{"line":19,"column":8},"end":{"line":19,"column":31}},"5":{"start":{"line":20,"column":8},"end":{"line":20,"column":28}},"6":{"start":{"line":23,"column":29},"end":{"line":23,"column":96}},"7":{"start":{"line":25,"column":4},"end":{"line":53,"column":6}},"8":{"start":{"line":34,"column":37},"end":{"line":34,"column":92}},"9":{"start":{"line":43,"column":37},"end":{"line":43,"column":82}}},"fnMap":{"0":{"name":"Login","decl":{"start":{"line":8,"column":9},"end":{"line":8,"column":14}},"loc":{"start":{"line":8,"column":17},"end":{"line":54,"column":1}},"line":8},"1":{"name":"(anonymous_1)","decl":{"start":{"line":18,"column":25},"end":{"line":18,"column":26}},"loc":{"start":{"line":18,"column":36},"end":{"line":21,"column":5}},"line":18},"2":{"name":"(anonymous_2)","decl":{"start":{"line":34,"column":30},"end":{"line":34,"column":31}},"loc":{"start":{"line":34,"column":37},"end":{"line":34,"column":92}},"line":34},"3":{"name":"(anonymous_3)","decl":{"start":{"line":43,"column":30},"end":{"line":43,"column":31}},"loc":{"start":{"line":43,"column":37},"end":{"line":43,"column":82}},"line":43}},"branchMap":{"0":{"loc":{"start":{"line":23,"column":29},"end":{"line":23,"column":96}},"type":"binary-expr","locations":[{"start":{"line":23,"column":29},"end":{"line":23,"column":68}},{"start":{"line":23,"column":72},"end":{"line":23,"column":96}}],"line":23},"1":{"loc":{"start":{"line":51,"column":13},"end":{"line":51,"column":71}},"type":"binary-expr","locations":[{"start":{"line":51,"column":13},"end":{"line":51,"column":23}},{"start":{"line":51,"column":27},"end":{"line":51,"column":71}}],"line":51}},"s":{"0":4,"1":4,"2":4,"3":4,"4":0,"5":0,"6":4,"7":4,"8":1,"9":1},"f":{"0":4,"1":0,"2":1,"3":1},"b":{"0":[4,0],"1":[4,0]},"_coverageSchema":"1a1c01bbd47fc00a2c39e90264f33305004495a9","hash":"d19a680bd3656d3b8c200d8d9427885b5e351651"}
}
