TN:
SF:src\api\api.js
FNF:0
FNH:0
DA:4,1
LF:1
LH:1
BRF:0
BRH:0
end_of_record
TN:
SF:src\api\apiCurrencies.js
FN:3,(anonymous_0)
FN:13,(anonymous_1)
FN:16,(anonymous_2)
FN:23,(anonymous_3)
FNF:4
FNH:0
FNDA:0,(anonymous_0)
FNDA:0,(anonymous_1)
FNDA:0,(anonymous_2)
FNDA:0,(anonymous_3)
DA:3,1
DA:4,0
DA:13,0
DA:16,1
DA:17,0
DA:23,0
LF:6
LH:2
BRF:0
BRH:0
end_of_record
TN:
SF:src\components\nav-bar\NavBar.jsx
FN:6,(anonymous_0)
FN:9,(anonymous_1)
FNF:2
FNH:2
FNDA:4,(anonymous_0)
FNDA:1,(anonymous_1)
DA:6,2
DA:7,4
DA:9,4
DA:10,1
DA:11,1
DA:14,4
LF:6
LH:6
BRF:0
BRH:0
end_of_record
TN:
SF:src\components\private-route\PrivateRoute.jsx
FN:8,(anonymous_0)
FN:14,(anonymous_1)
FNF:2
FNH:2
FNDA:1,(anonymous_0)
FNDA:1,(anonymous_1)
DA:8,1
DA:9,1
DA:10,1
DA:11,1
DA:12,1
DA:14,1
DA:15,1
DA:16,1
DA:17,0
DA:18,0
DA:22,1
DA:30,1
LF:12
LH:10
BRDA:15,0,0,1
BRDA:15,0,1,0
BRDA:15,1,0,1
BRDA:15,1,1,1
BRDA:17,2,0,0
BRDA:17,2,1,0
BRDA:17,3,0,0
BRDA:17,3,1,0
BRDA:24,4,0,1
BRDA:24,4,1,1
BRF:10
BRH:5
end_of_record
TN:
SF:src\configs\config.js
FNF:0
FNH:0
DA:1,1
DA:2,1
LF:2
LH:2
BRF:0
BRH:0
end_of_record
TN:
SF:src\configs\regex.js
FNF:0
FNH:0
DA:1,1
DA:2,1
LF:2
LH:2
BRF:0
BRH:0
end_of_record
TN:
SF:src\hooks\useGetCurrencies.js
FN:4,(anonymous_0)
FN:9,(anonymous_1)
FN:22,(anonymous_2)
FNF:3
FNH:0
FNDA:0,(anonymous_0)
FNDA:0,(anonymous_1)
FNDA:0,(anonymous_2)
DA:4,1
DA:6,0
DA:7,0
DA:9,0
DA:11,0
DA:12,0
DA:13,0
DA:14,0
DA:16,0
DA:18,0
DA:22,0
DA:24,0
DA:28,0
LF:13
LH:1
BRF:0
BRH:0
end_of_record
TN:
SF:src\hooks\useInputChange.js
FN:3,(anonymous_0)
FN:15,(anonymous_1)
FN:18,(anonymous_2)
FN:20,(anonymous_3)
FNF:4
FNH:4
FNDA:2,(anonymous_0)
FNDA:4,(anonymous_1)
FNDA:2,(anonymous_2)
FNDA:2,(anonymous_3)
DA:3,1
DA:4,2
DA:5,1
DA:7,1
DA:9,1
DA:12,1
DA:15,1
DA:16,4
DA:18,4
DA:19,2
DA:20,2
DA:26,4
LF:12
LH:12
BRDA:4,0,0,1
BRDA:4,0,1,1
BRDA:16,1,0,4
BRDA:16,1,1,0
BRF:4
BRH:3
end_of_record
TN:
SF:src\hooks\useLogin.js
FN:6,(anonymous_0)
FN:11,(anonymous_1)
FN:16,(anonymous_2)
FNF:3
FNH:1
FNDA:4,(anonymous_0)
FNDA:0,(anonymous_1)
FNDA:0,(anonymous_2)
DA:6,1
DA:7,4
DA:8,4
DA:9,4
DA:11,4
DA:12,0
DA:13,0
DA:15,0
DA:16,0
DA:19,0
DA:20,0
DA:21,0
DA:22,0
DA:24,0
DA:28,4
LF:15
LH:6
BRDA:16,0,0,0
BRDA:16,0,1,0
BRDA:19,1,0,0
BRDA:19,1,1,0
BRF:4
BRH:0
end_of_record
TN:
SF:src\pages\currency-detail\CurrencyDetail.jsx
FN:7,CurrencyDetail
FNF:1
FNH:1
FNDA:1,CurrencyDetail
DA:8,1
DA:10,1
DA:12,1
LF:3
LH:3
BRDA:13,0,0,0
BRDA:13,0,1,1
BRDA:14,1,0,0
BRDA:14,1,1,1
BRDA:20,2,0,1
BRDA:20,2,1,0
BRF:6
BRH:3
end_of_record
TN:
SF:src\pages\currency-list\CurrencyList.jsx
FN:7,CurrencyList
FN:27,(anonymous_1)
FNF:2
FNH:2
FNDA:1,CurrencyList
FNDA:1,(anonymous_1)
DA:9,1
DA:11,1
DA:28,1
LF:3
LH:3
BRDA:12,0,0,0
BRDA:12,0,1,1
BRDA:13,1,0,0
BRDA:13,1,1,1
BRF:4
BRH:2
end_of_record
TN:
SF:src\pages\login\Login.jsx
FN:8,Login
FN:18,(anonymous_1)
FN:34,(anonymous_2)
FN:43,(anonymous_3)
FNF:4
FNH:3
FNDA:4,Login
FNDA:0,(anonymous_1)
FNDA:1,(anonymous_2)
FNDA:1,(anonymous_3)
DA:10,4
DA:15,4
DA:16,4
DA:18,4
DA:19,0
DA:20,0
DA:23,4
DA:25,4
DA:34,1
DA:43,1
LF:10
LH:8
BRDA:23,0,0,4
BRDA:23,0,1,0
BRDA:51,1,0,4
BRDA:51,1,1,0
BRF:4
BRH:2
end_of_record
